  Figura.cpp
T:\PULPIT\daw\LabPK3\LabPK3\Figura.h(21,21): error C2065: "NULL": niezadeklarowany identyfikator
T:\PULPIT\daw\LabPK3\LabPK3\Figura.h(30,27): error C2065: "NULL": niezadeklarowany identyfikator
T:\PULPIT\daw\LabPK3\LabPK3\Figura.h(32,13): error C2065: "NULL": niezadeklarowany identyfikator
  Goniec.cpp
  LabPK3.cpp
T:\PULPIT\daw\LabPK3\LabPK3\LabPK3.cpp(3,10): fatal error C1083: Nie można otworzyć pliku dołącz: 'stdafx.h': No such file or directory
  Szachownica.cpp
T:\PULPIT\daw\LabPK3\LabPK3\Figura.h(7,16): error C2143: błąd składniowy: brakuje „;” przed „*”
T:\PULPIT\daw\LabPK3\LabPK3\Figura.h(7,16): error C4430: brak specyfikatora typu - założono, że int. Uwaga: C++ nie obsługuje domyślnie typu int
T:\PULPIT\daw\LabPK3\LabPK3\Figura.h(7,19): error C2238: nieoczekiwany(e) token(y) poprzedzający(e) ";"
T:\PULPIT\daw\LabPK3\LabPK3\Figura.h(22,33): error C2061: błąd składniowy: identyfikator „Szachownica”
T:\PULPIT\daw\LabPK3\LabPK3\Figura.h(12,9): error C2065: "s": niezadeklarowany identyfikator
T:\PULPIT\daw\LabPK3\LabPK3\Figura.h(17,9): error C2065: "s": niezadeklarowany identyfikator
T:\PULPIT\daw\LabPK3\LabPK3\Figura.h(21,16): error C2065: "s": niezadeklarowany identyfikator
T:\PULPIT\daw\LabPK3\LabPK3\Figura.h(21,21): error C2065: "NULL": niezadeklarowany identyfikator
T:\PULPIT\daw\LabPK3\LabPK3\Figura.h(30,9): error C2065: "s": niezadeklarowany identyfikator
T:\PULPIT\daw\LabPK3\LabPK3\Figura.h(30,23): error C2065: "s": niezadeklarowany identyfikator
T:\PULPIT\daw\LabPK3\LabPK3\Figura.h(30,27): error C2065: "NULL": niezadeklarowany identyfikator
T:\PULPIT\daw\LabPK3\LabPK3\Figura.h(31,9): error C2065: "s": niezadeklarowany identyfikator
T:\PULPIT\daw\LabPK3\LabPK3\Figura.h(32,9): error C2065: "s": niezadeklarowany identyfikator
T:\PULPIT\daw\LabPK3\LabPK3\Figura.h(32,13): error C2065: "NULL": niezadeklarowany identyfikator
T:\PULPIT\daw\LabPK3\LabPK3\Szachownica.cpp(9,13): error C2065: "cout": niezadeklarowany identyfikator
T:\PULPIT\daw\LabPK3\LabPK3\Szachownica.cpp(10,9): error C2065: "cout": niezadeklarowany identyfikator
T:\PULPIT\daw\LabPK3\LabPK3\Szachownica.cpp(10,17): error C2065: "endl": niezadeklarowany identyfikator
T:\PULPIT\daw\LabPK3\LabPK3\Szachownica.cpp(14,5): error C2601: "Szachownica::clear": definicje funkcji lokalnych są niedozwolone
T:\PULPIT\daw\LabPK3\LabPK3\Szachownica.cpp(5): message : ten wiersz zawiera znak „{”, który nie został jeszcze dopasowany
T:\PULPIT\daw\LabPK3\LabPK3\Szachownica.cpp(5): fatal error C1075: „{”: nie znaleziono zgodnego tokenu
  Wieza.cpp
  Generowanie kodu...
